ready to train
ready to train
ready to train
ready to train
ready to train
ready to train
ready to train
ready to train
/home/superbench/v-yiyunchen/ytorch-venv/lib/python3.6/site-packages/torch/nn/functional.py:718: UserWarning: Named tensors and all their associated APIs are an experimental feature and subject to change. Please do not use them for anything important until they are released as stable. (Triggered internally at  /pytorch/c10/core/TensorImpl.h:1156.)
  return torch.max_pool2d(input, kernel_size, stride, padding, dilation, ceil_mode)
/home/superbench/v-yiyunchen/ytorch-venv/lib/python3.6/site-packages/torch/nn/functional.py:718: UserWarning: Named tensors and all their associated APIs are an experimental feature and subject to change. Please do not use them for anything important until they are released as stable. (Triggered internally at  /pytorch/c10/core/TensorImpl.h:1156.)
  return torch.max_pool2d(input, kernel_size, stride, padding, dilation, ceil_mode)
/home/superbench/v-yiyunchen/ytorch-venv/lib/python3.6/site-packages/torch/nn/functional.py:718: UserWarning: Named tensors and all their associated APIs are an experimental feature and subject to change. Please do not use them for anything important until they are released as stable. (Triggered internally at  /pytorch/c10/core/TensorImpl.h:1156.)
  return torch.max_pool2d(input, kernel_size, stride, padding, dilation, ceil_mode)
/home/superbench/v-yiyunchen/ytorch-venv/lib/python3.6/site-packages/torch/nn/functional.py:718: UserWarning: Named tensors and all their associated APIs are an experimental feature and subject to change. Please do not use them for anything important until they are released as stable. (Triggered internally at  /pytorch/c10/core/TensorImpl.h:1156.)
  return torch.max_pool2d(input, kernel_size, stride, padding, dilation, ceil_mode)
/home/superbench/v-yiyunchen/ytorch-venv/lib/python3.6/site-packages/torch/nn/functional.py:718: UserWarning: Named tensors and all their associated APIs are an experimental feature and subject to change. Please do not use them for anything important until they are released as stable. (Triggered internally at  /pytorch/c10/core/TensorImpl.h:1156.)
  return torch.max_pool2d(input, kernel_size, stride, padding, dilation, ceil_mode)
/home/superbench/v-yiyunchen/ytorch-venv/lib/python3.6/site-packages/torch/nn/functional.py:718: UserWarning: Named tensors and all their associated APIs are an experimental feature and subject to change. Please do not use them for anything important until they are released as stable. (Triggered internally at  /pytorch/c10/core/TensorImpl.h:1156.)
  return torch.max_pool2d(input, kernel_size, stride, padding, dilation, ceil_mode)
/home/superbench/v-yiyunchen/ytorch-venv/lib/python3.6/site-packages/torch/nn/functional.py:718: UserWarning: Named tensors and all their associated APIs are an experimental feature and subject to change. Please do not use them for anything important until they are released as stable. (Triggered internally at  /pytorch/c10/core/TensorImpl.h:1156.)
  return torch.max_pool2d(input, kernel_size, stride, padding, dilation, ceil_mode)
/home/superbench/v-yiyunchen/ytorch-venv/lib/python3.6/site-packages/torch/nn/functional.py:718: UserWarning: Named tensors and all their associated APIs are an experimental feature and subject to change. Please do not use them for anything important until they are released as stable. (Triggered internally at  /pytorch/c10/core/TensorImpl.h:1156.)
  return torch.max_pool2d(input, kernel_size, stride, padding, dilation, ceil_mode)
Traceback (most recent call last):
  File "parallel2.py", line 150, in <module>
    mp.spawn(train, args=(8,), nprocs=8, join=True)
  File "/home/superbench/v-yiyunchen/ytorch-venv/lib/python3.6/site-packages/torch/multiprocessing/spawn.py", line 230, in spawn
    return start_processes(fn, args, nprocs, join, daemon, start_method='spawn')
  File "/home/superbench/v-yiyunchen/ytorch-venv/lib/python3.6/site-packages/torch/multiprocessing/spawn.py", line 188, in start_processes
    while not context.join():
  File "/home/superbench/v-yiyunchen/ytorch-venv/lib/python3.6/site-packages/torch/multiprocessing/spawn.py", line 150, in join
    raise ProcessRaisedException(msg, error_index, failed_process.pid)
torch.multiprocessing.spawn.ProcessRaisedException: 

-- Process 2 terminated with the following error:
Traceback (most recent call last):
  File "/home/superbench/v-yiyunchen/ytorch-venv/lib/python3.6/site-packages/torch/multiprocessing/spawn.py", line 59, in _wrap
    fn(i, *args)
  File "/home/superbench/v-yiyunchen/net/ProductRepo/ImageNetParallel/parallel2.py", line 87, in train
    outputs = model(inputs)
  File "/home/superbench/v-yiyunchen/ytorch-venv/lib/python3.6/site-packages/torch/nn/modules/module.py", line 1051, in _call_impl
    return forward_call(*input, **kwargs)
  File "/home/superbench/v-yiyunchen/ytorch-venv/lib/python3.6/site-packages/torch/nn/parallel/distributed.py", line 799, in forward
    output = self.module(*inputs[0], **kwargs[0])
  File "/home/superbench/v-yiyunchen/ytorch-venv/lib/python3.6/site-packages/torch/nn/modules/module.py", line 1051, in _call_impl
    return forward_call(*input, **kwargs)
  File "/home/superbench/v-yiyunchen/ytorch-venv/lib/python3.6/site-packages/torchvision/models/resnet.py", line 249, in forward
    return self._forward_impl(x)
  File "/home/superbench/v-yiyunchen/ytorch-venv/lib/python3.6/site-packages/torchvision/models/resnet.py", line 239, in _forward_impl
    x = self.layer3(x)
  File "/home/superbench/v-yiyunchen/ytorch-venv/lib/python3.6/site-packages/torch/nn/modules/module.py", line 1051, in _call_impl
    return forward_call(*input, **kwargs)
  File "/home/superbench/v-yiyunchen/ytorch-venv/lib/python3.6/site-packages/torch/nn/modules/container.py", line 139, in forward
    input = module(input)
  File "/home/superbench/v-yiyunchen/ytorch-venv/lib/python3.6/site-packages/torch/nn/modules/module.py", line 1051, in _call_impl
    return forward_call(*input, **kwargs)
  File "/home/superbench/v-yiyunchen/ytorch-venv/lib/python3.6/site-packages/torchvision/models/resnet.py", line 132, in forward
    out = self.conv3(out)
  File "/home/superbench/v-yiyunchen/ytorch-venv/lib/python3.6/site-packages/torch/nn/modules/module.py", line 1051, in _call_impl
    return forward_call(*input, **kwargs)
  File "/home/superbench/v-yiyunchen/ytorch-venv/lib/python3.6/site-packages/torch/nn/modules/conv.py", line 443, in forward
    return self._conv_forward(input, self.weight, self.bias)
  File "/home/superbench/v-yiyunchen/ytorch-venv/lib/python3.6/site-packages/torch/nn/modules/conv.py", line 440, in _conv_forward
    self.padding, self.dilation, self.groups)
RuntimeError: CUDA out of memory. Tried to allocate 196.00 MiB (GPU 2; 39.44 GiB total capacity; 36.67 GiB already allocated; 165.88 MiB free; 36.88 GiB reserved in total by PyTorch)

ready to train
ready to train
ready to train
ready to train
ready to train
ready to train
ready to train
ready to train
/home/superbench/v-yiyunchen/ytorch-venv/lib/python3.6/site-packages/torch/nn/functional.py:718: UserWarning: Named tensors and all their associated APIs are an experimental feature and subject to change. Please do not use them for anything important until they are released as stable. (Triggered internally at  /pytorch/c10/core/TensorImpl.h:1156.)
  return torch.max_pool2d(input, kernel_size, stride, padding, dilation, ceil_mode)
/home/superbench/v-yiyunchen/ytorch-venv/lib/python3.6/site-packages/torch/nn/functional.py:718: UserWarning: Named tensors and all their associated APIs are an experimental feature and subject to change. Please do not use them for anything important until they are released as stable. (Triggered internally at  /pytorch/c10/core/TensorImpl.h:1156.)
  return torch.max_pool2d(input, kernel_size, stride, padding, dilation, ceil_mode)
/home/superbench/v-yiyunchen/ytorch-venv/lib/python3.6/site-packages/torch/nn/functional.py:718: UserWarning: Named tensors and all their associated APIs are an experimental feature and subject to change. Please do not use them for anything important until they are released as stable. (Triggered internally at  /pytorch/c10/core/TensorImpl.h:1156.)
  return torch.max_pool2d(input, kernel_size, stride, padding, dilation, ceil_mode)
/home/superbench/v-yiyunchen/ytorch-venv/lib/python3.6/site-packages/torch/nn/functional.py:718: UserWarning: Named tensors and all their associated APIs are an experimental feature and subject to change. Please do not use them for anything important until they are released as stable. (Triggered internally at  /pytorch/c10/core/TensorImpl.h:1156.)
  return torch.max_pool2d(input, kernel_size, stride, padding, dilation, ceil_mode)
/home/superbench/v-yiyunchen/ytorch-venv/lib/python3.6/site-packages/torch/nn/functional.py:718: UserWarning: Named tensors and all their associated APIs are an experimental feature and subject to change. Please do not use them for anything important until they are released as stable. (Triggered internally at  /pytorch/c10/core/TensorImpl.h:1156.)
  return torch.max_pool2d(input, kernel_size, stride, padding, dilation, ceil_mode)
/home/superbench/v-yiyunchen/ytorch-venv/lib/python3.6/site-packages/torch/nn/functional.py:718: UserWarning: Named tensors and all their associated APIs are an experimental feature and subject to change. Please do not use them for anything important until they are released as stable. (Triggered internally at  /pytorch/c10/core/TensorImpl.h:1156.)
  return torch.max_pool2d(input, kernel_size, stride, padding, dilation, ceil_mode)
/home/superbench/v-yiyunchen/ytorch-venv/lib/python3.6/site-packages/torch/nn/functional.py:718: UserWarning: Named tensors and all their associated APIs are an experimental feature and subject to change. Please do not use them for anything important until they are released as stable. (Triggered internally at  /pytorch/c10/core/TensorImpl.h:1156.)
  return torch.max_pool2d(input, kernel_size, stride, padding, dilation, ceil_mode)
/home/superbench/v-yiyunchen/ytorch-venv/lib/python3.6/site-packages/torch/nn/functional.py:718: UserWarning: Named tensors and all their associated APIs are an experimental feature and subject to change. Please do not use them for anything important until they are released as stable. (Triggered internally at  /pytorch/c10/core/TensorImpl.h:1156.)
  return torch.max_pool2d(input, kernel_size, stride, padding, dilation, ceil_mode)
[2023-05-07 05:13:10.384268]: [1/30] Train Loss: 6.05648, Train Acc: 2.91%, Test Loss: 5.11175, Test Acc: 7.59%, Time: 514.556s
[2023-05-07 05:21:44.362879]: [2/30] Train Loss: 4.78969, Train Acc: 11.76%, Test Loss: 4.21175, Test Acc: 17.39%, Time: 513.977s
[2023-05-07 05:30:18.029970]: [3/30] Train Loss: 4.03201, Train Acc: 20.83%, Test Loss: 3.56544, Test Acc: 26.25%, Time: 513.663s
[2023-05-07 05:38:51.786828]: [4/30] Train Loss: 3.53271, Train Acc: 27.98%, Test Loss: 3.36719, Test Acc: 33.36%, Time: 513.755s
[2023-05-07 05:47:25.230356]: [5/30] Train Loss: 3.18963, Train Acc: 33.36%, Test Loss: 3.18480, Test Acc: 38.06%, Time: 513.442s
[2023-05-07 05:55:58.137282]: [6/30] Train Loss: 2.94385, Train Acc: 37.53%, Test Loss: 2.69606, Test Acc: 41.00%, Time: 512.905s
[2023-05-07 06:04:31.982629]: [7/30] Train Loss: 2.75400, Train Acc: 40.77%, Test Loss: 4.08732, Test Acc: 42.84%, Time: 513.843s
[2023-05-07 06:13:07.195973]: [8/30] Train Loss: 2.60594, Train Acc: 43.39%, Test Loss: 2.38428, Test Acc: 46.24%, Time: 515.212s
[2023-05-07 06:21:41.327106]: [9/30] Train Loss: 2.47740, Train Acc: 45.72%, Test Loss: 5.09387, Test Acc: 47.29%, Time: 514.129s
[2023-05-07 06:30:15.972036]: [10/30] Train Loss: 2.37602, Train Acc: 47.58%, Test Loss: 3.05607, Test Acc: 49.91%, Time: 514.643s
[2023-05-07 06:38:51.388196]: [11/30] Train Loss: 2.28646, Train Acc: 49.23%, Test Loss: 2.07873, Test Acc: 51.86%, Time: 515.414s
[2023-05-07 06:47:25.640041]: [12/30] Train Loss: 2.20615, Train Acc: 50.74%, Test Loss: 6.60572, Test Acc: 47.54%, Time: 514.249s
[2023-05-07 06:56:00.283717]: [13/30] Train Loss: 2.13730, Train Acc: 52.06%, Test Loss: 2.03362, Test Acc: 53.05%, Time: 514.642s
[2023-05-07 07:04:34.558833]: [14/30] Train Loss: 2.07448, Train Acc: 53.35%, Test Loss: 2.21027, Test Acc: 55.14%, Time: 514.273s
[2023-05-07 07:13:08.728321]: [15/30] Train Loss: 2.01764, Train Acc: 54.33%, Test Loss: 1.84516, Test Acc: 56.51%, Time: 514.167s
[2023-05-07 07:21:42.776787]: [16/30] Train Loss: 1.96445, Train Acc: 55.33%, Test Loss: 1.89934, Test Acc: 55.71%, Time: 514.046s
[2023-05-07 07:30:16.900693]: [17/30] Train Loss: 1.91895, Train Acc: 56.25%, Test Loss: 8.39316, Test Acc: 54.06%, Time: 514.122s
[2023-05-07 07:38:51.996049]: [18/30] Train Loss: 1.87141, Train Acc: 57.18%, Test Loss: 2.32390, Test Acc: 57.63%, Time: 515.093s
[2023-05-07 07:47:25.782697]: [19/30] Train Loss: 1.83254, Train Acc: 57.94%, Test Loss: 1.92198, Test Acc: 58.02%, Time: 513.784s
[2023-05-07 07:56:01.095896]: [20/30] Train Loss: 1.79525, Train Acc: 58.68%, Test Loss: 1.82794, Test Acc: 58.05%, Time: 515.311s
[2023-05-07 08:04:35.678938]: [21/30] Train Loss: 1.75870, Train Acc: 59.45%, Test Loss: 1.70015, Test Acc: 59.89%, Time: 514.581s
[2023-05-07 08:13:10.813026]: [22/30] Train Loss: 1.72343, Train Acc: 60.12%, Test Loss: 3.02974, Test Acc: 58.83%, Time: 515.132s
[2023-05-07 08:21:45.235972]: [23/30] Train Loss: 1.69013, Train Acc: 60.78%, Test Loss: 1.75093, Test Acc: 60.53%, Time: 514.421s
[2023-05-07 08:30:19.970617]: [24/30] Train Loss: 1.66463, Train Acc: 61.30%, Test Loss: 1.74023, Test Acc: 60.86%, Time: 514.733s
[2023-05-07 08:38:54.052831]: [25/30] Train Loss: 1.63407, Train Acc: 61.95%, Test Loss: 1.65448, Test Acc: 61.22%, Time: 514.080s
[2023-05-07 08:47:28.363693]: [26/30] Train Loss: 1.60977, Train Acc: 62.40%, Test Loss: 1.64672, Test Acc: 61.23%, Time: 514.309s
[2023-05-07 08:56:03.044116]: [27/30] Train Loss: 1.58017, Train Acc: 63.00%, Test Loss: 1.61051, Test Acc: 62.20%, Time: 514.679s
[2023-05-07 09:04:38.053057]: [28/30] Train Loss: 1.55721, Train Acc: 63.50%, Test Loss: 2.23718, Test Acc: 61.50%, Time: 515.007s
[2023-05-07 09:13:12.471278]: [29/30] Train Loss: 1.53311, Train Acc: 63.99%, Test Loss: 1.60653, Test Acc: 62.28%, Time: 514.416s
[2023-05-07 09:21:47.422715]: [30/30] Train Loss: 1.50809, Train Acc: 64.49%, Test Loss: 4.28968, Test Acc: 60.37%, Time: 514.950s
